c:\users\michał\source\repos\89863361-gr21-repo\projekt\snake_game\x64\debug\snake_game.exe
c:\users\michał\source\repos\89863361-gr21-repo\projekt\snake_game\snake_game\x64\debug\snake_game.ilk
c:\users\michał\source\repos\89863361-gr21-repo\projekt\snake_game\x64\debug\snake_game.pdb
c:\users\michał\source\repos\89863361-gr21-repo\projekt\snake_game\snake_game\x64\debug\mutex_ykqlm8oii1jeigt1.ifc
c:\users\michał\source\repos\89863361-gr21-repo\projekt\snake_game\snake_game\x64\debug\mutex_ykqlm8oii1jeigt1.ifc.d.json
c:\users\michał\source\repos\89863361-gr21-repo\projekt\snake_game\snake_game\x64\debug\mutex_ykqlm8oii1jeigt1.obj
c:\users\michał\source\repos\89863361-gr21-repo\projekt\snake_game\snake_game\x64\debug\obstacle.ixx.ifc
c:\users\michał\source\repos\89863361-gr21-repo\projekt\snake_game\snake_game\x64\debug\obstacle.ixx.ifc.d.json
c:\users\michał\source\repos\89863361-gr21-repo\projekt\snake_game\snake_game\x64\debug\obstacle.ixx.obj
c:\users\michał\source\repos\89863361-gr21-repo\projekt\snake_game\snake_game\x64\debug\sound.ixx.ifc
c:\users\michał\source\repos\89863361-gr21-repo\projekt\snake_game\snake_game\x64\debug\sound.ixx.ifc.d.json
c:\users\michał\source\repos\89863361-gr21-repo\projekt\snake_game\snake_game\x64\debug\sound.ixx.obj
c:\users\michał\source\repos\89863361-gr21-repo\projekt\snake_game\snake_game\x64\debug\thread_tf9pcatdb3wl4q5w.ifc
c:\users\michał\source\repos\89863361-gr21-repo\projekt\snake_game\snake_game\x64\debug\thread_tf9pcatdb3wl4q5w.ifc.d.json
c:\users\michał\source\repos\89863361-gr21-repo\projekt\snake_game\snake_game\x64\debug\thread_tf9pcatdb3wl4q5w.obj
c:\users\michał\source\repos\89863361-gr21-repo\projekt\snake_game\snake_game\x64\debug\xlocmon_7he45zy9jclqcqk6.ifc
c:\users\michał\source\repos\89863361-gr21-repo\projekt\snake_game\snake_game\x64\debug\xlocmon_7he45zy9jclqcqk6.ifc.d.json
c:\users\michał\source\repos\89863361-gr21-repo\projekt\snake_game\snake_game\x64\debug\xlocmon_7he45zy9jclqcqk6.obj
c:\users\michał\source\repos\89863361-gr21-repo\projekt\snake_game\snake_game\x64\debug\ratio_ji0iz5hml34ta5xq.ifc
c:\users\michał\source\repos\89863361-gr21-repo\projekt\snake_game\snake_game\x64\debug\ratio_ji0iz5hml34ta5xq.ifc.d.json
c:\users\michał\source\repos\89863361-gr21-repo\projekt\snake_game\snake_game\x64\debug\ratio_ji0iz5hml34ta5xq.obj
c:\users\michał\source\repos\89863361-gr21-repo\projekt\snake_game\snake_game\x64\debug\iomanip_s3oagqw8hnf5aakp.ifc
c:\users\michał\source\repos\89863361-gr21-repo\projekt\snake_game\snake_game\x64\debug\iomanip_s3oagqw8hnf5aakp.ifc.d.json
c:\users\michał\source\repos\89863361-gr21-repo\projekt\snake_game\snake_game\x64\debug\iomanip_s3oagqw8hnf5aakp.obj
c:\users\michał\source\repos\89863361-gr21-repo\projekt\snake_game\snake_game\x64\debug\__msvc_system_error_abi.hpp_lf05ay68qas3lrd4.ifc
c:\users\michał\source\repos\89863361-gr21-repo\projekt\snake_game\snake_game\x64\debug\__msvc_system_error_abi.hpp_lf05ay68qas3lrd4.ifc.d.json
c:\users\michał\source\repos\89863361-gr21-repo\projekt\snake_game\snake_game\x64\debug\__msvc_system_error_abi.hpp_lf05ay68qas3lrd4.obj
c:\users\michał\source\repos\89863361-gr21-repo\projekt\snake_game\snake_game\x64\debug\random_pbepeoxyhe1opuey.ifc
c:\users\michał\source\repos\89863361-gr21-repo\projekt\snake_game\snake_game\x64\debug\random_pbepeoxyhe1opuey.ifc.d.json
c:\users\michał\source\repos\89863361-gr21-repo\projekt\snake_game\snake_game\x64\debug\random_pbepeoxyhe1opuey.obj
c:\users\michał\source\repos\89863361-gr21-repo\projekt\snake_game\snake_game\x64\debug\sdl_ttf.h_dokdnh8yh2vbc7c4.ifc
c:\users\michał\source\repos\89863361-gr21-repo\projekt\snake_game\snake_game\x64\debug\sdl_ttf.h_dokdnh8yh2vbc7c4.ifc.d.json
c:\users\michał\source\repos\89863361-gr21-repo\projekt\snake_game\snake_game\x64\debug\sdl_ttf.h_dokdnh8yh2vbc7c4.obj
c:\users\michał\source\repos\89863361-gr21-repo\projekt\snake_game\snake_game\x64\debug\typeinfo_whcre1ld3m8s2vke.ifc
c:\users\michał\source\repos\89863361-gr21-repo\projekt\snake_game\snake_game\x64\debug\typeinfo_whcre1ld3m8s2vke.ifc.d.json
c:\users\michał\source\repos\89863361-gr21-repo\projekt\snake_game\snake_game\x64\debug\typeinfo_whcre1ld3m8s2vke.obj
c:\users\michał\source\repos\89863361-gr21-repo\projekt\snake_game\snake_game\x64\debug\snake.ixx.ifc
c:\users\michał\source\repos\89863361-gr21-repo\projekt\snake_game\snake_game\x64\debug\snake.ixx.ifc.d.json
c:\users\michał\source\repos\89863361-gr21-repo\projekt\snake_game\snake_game\x64\debug\snake.ixx.obj
c:\users\michał\source\repos\89863361-gr21-repo\projekt\snake_game\snake_game\x64\debug\time.h_mdzf79utvowash31.ifc
c:\users\michał\source\repos\89863361-gr21-repo\projekt\snake_game\snake_game\x64\debug\time.h_mdzf79utvowash31.ifc.d.json
c:\users\michał\source\repos\89863361-gr21-repo\projekt\snake_game\snake_game\x64\debug\time.h_mdzf79utvowash31.obj
c:\users\michał\source\repos\89863361-gr21-repo\projekt\snake_game\snake_game\x64\debug\atomic_lsmoa5lxc1im6xn4.ifc
c:\users\michał\source\repos\89863361-gr21-repo\projekt\snake_game\snake_game\x64\debug\atomic_lsmoa5lxc1im6xn4.ifc.d.json
c:\users\michał\source\repos\89863361-gr21-repo\projekt\snake_game\snake_game\x64\debug\atomic_lsmoa5lxc1im6xn4.obj
c:\users\michał\source\repos\89863361-gr21-repo\projekt\snake_game\snake_game\x64\debug\sdl_image.h_bo4dos0l6f6y8mdr.ifc
c:\users\michał\source\repos\89863361-gr21-repo\projekt\snake_game\snake_game\x64\debug\sdl_image.h_bo4dos0l6f6y8mdr.ifc.d.json
c:\users\michał\source\repos\89863361-gr21-repo\projekt\snake_game\snake_game\x64\debug\sdl_image.h_bo4dos0l6f6y8mdr.obj
c:\users\michał\source\repos\89863361-gr21-repo\projekt\snake_game\snake_game\x64\debug\xutility_ylhb44lke441swwb.ifc
c:\users\michał\source\repos\89863361-gr21-repo\projekt\snake_game\snake_game\x64\debug\xutility_ylhb44lke441swwb.ifc.d.json
c:\users\michał\source\repos\89863361-gr21-repo\projekt\snake_game\snake_game\x64\debug\xutility_ylhb44lke441swwb.obj
c:\users\michał\source\repos\89863361-gr21-repo\projekt\snake_game\snake_game\x64\debug\snake.cpp.json
c:\users\michał\source\repos\89863361-gr21-repo\projekt\snake_game\snake_game\x64\debug\snake.obj
c:\users\michał\source\repos\89863361-gr21-repo\projekt\snake_game\snake_game\x64\debug\cstring_hofdpvmcfqodrijy.ifc
c:\users\michał\source\repos\89863361-gr21-repo\projekt\snake_game\snake_game\x64\debug\cstring_hofdpvmcfqodrijy.ifc.d.json
c:\users\michał\source\repos\89863361-gr21-repo\projekt\snake_game\snake_game\x64\debug\cstring_hofdpvmcfqodrijy.obj
c:\users\michał\source\repos\89863361-gr21-repo\projekt\snake_game\snake_game\x64\debug\forward_list_kyp4fdz477ex4ala.ifc
c:\users\michał\source\repos\89863361-gr21-repo\projekt\snake_game\snake_game\x64\debug\forward_list_kyp4fdz477ex4ala.ifc.d.json
c:\users\michał\source\repos\89863361-gr21-repo\projekt\snake_game\snake_game\x64\debug\forward_list_kyp4fdz477ex4ala.obj
c:\users\michał\source\repos\89863361-gr21-repo\projekt\snake_game\snake_game\x64\debug\external_functions.ixx.ifc
c:\users\michał\source\repos\89863361-gr21-repo\projekt\snake_game\snake_game\x64\debug\external_functions.ixx.ifc.d.json
c:\users\michał\source\repos\89863361-gr21-repo\projekt\snake_game\snake_game\x64\debug\external_functions.ixx.obj
c:\users\michał\source\repos\89863361-gr21-repo\projekt\snake_game\snake_game\x64\debug\sound.cpp.json
c:\users\michał\source\repos\89863361-gr21-repo\projekt\snake_game\snake_game\x64\debug\sound.obj
c:\users\michał\source\repos\89863361-gr21-repo\projekt\snake_game\snake_game\x64\debug\ctime_uf96huq6nipac3ra.ifc
c:\users\michał\source\repos\89863361-gr21-repo\projekt\snake_game\snake_game\x64\debug\ctime_uf96huq6nipac3ra.ifc.d.json
c:\users\michał\source\repos\89863361-gr21-repo\projekt\snake_game\snake_game\x64\debug\ctime_uf96huq6nipac3ra.obj
c:\users\michał\source\repos\89863361-gr21-repo\projekt\snake_game\snake_game\x64\debug\core.cpp.json
c:\users\michał\source\repos\89863361-gr21-repo\projekt\snake_game\snake_game\x64\debug\core.obj
c:\users\michał\source\repos\89863361-gr21-repo\projekt\snake_game\snake_game\x64\debug\xcharconv_ryu.h_xtbimhzgmp3z5zkb.ifc
c:\users\michał\source\repos\89863361-gr21-repo\projekt\snake_game\snake_game\x64\debug\xcharconv_ryu.h_xtbimhzgmp3z5zkb.ifc.d.json
c:\users\michał\source\repos\89863361-gr21-repo\projekt\snake_game\snake_game\x64\debug\xcharconv_ryu.h_xtbimhzgmp3z5zkb.obj
c:\users\michał\source\repos\89863361-gr21-repo\projekt\snake_game\snake_game\x64\debug\limits_09epn3sqh0tvq8qe.ifc
c:\users\michał\source\repos\89863361-gr21-repo\projekt\snake_game\snake_game\x64\debug\limits_09epn3sqh0tvq8qe.ifc.d.json
c:\users\michał\source\repos\89863361-gr21-repo\projekt\snake_game\snake_game\x64\debug\limits_09epn3sqh0tvq8qe.obj
c:\users\michał\source\repos\89863361-gr21-repo\projekt\snake_game\snake_game\x64\debug\cwchar_411iu7h49izfk1kk.ifc
c:\users\michał\source\repos\89863361-gr21-repo\projekt\snake_game\snake_game\x64\debug\cwchar_411iu7h49izfk1kk.ifc.d.json
c:\users\michał\source\repos\89863361-gr21-repo\projekt\snake_game\snake_game\x64\debug\cwchar_411iu7h49izfk1kk.obj
c:\users\michał\source\repos\89863361-gr21-repo\projekt\snake_game\snake_game\x64\debug\utility_9uggxah4xvowdxf1.ifc
c:\users\michał\source\repos\89863361-gr21-repo\projekt\snake_game\snake_game\x64\debug\utility_9uggxah4xvowdxf1.ifc.d.json
c:\users\michał\source\repos\89863361-gr21-repo\projekt\snake_game\snake_game\x64\debug\utility_9uggxah4xvowdxf1.obj
c:\users\michał\source\repos\89863361-gr21-repo\projekt\snake_game\snake_game\x64\debug\system_error_qvw8nzhqaem3uqgu.ifc
c:\users\michał\source\repos\89863361-gr21-repo\projekt\snake_game\snake_game\x64\debug\system_error_qvw8nzhqaem3uqgu.ifc.d.json
c:\users\michał\source\repos\89863361-gr21-repo\projekt\snake_game\snake_game\x64\debug\system_error_qvw8nzhqaem3uqgu.obj
c:\users\michał\source\repos\89863361-gr21-repo\projekt\snake_game\snake_game\x64\debug\cctype_q100kml2otrrkhj3.ifc
c:\users\michał\source\repos\89863361-gr21-repo\projekt\snake_game\snake_game\x64\debug\cctype_q100kml2otrrkhj3.ifc.d.json
c:\users\michał\source\repos\89863361-gr21-repo\projekt\snake_game\snake_game\x64\debug\cctype_q100kml2otrrkhj3.obj
c:\users\michał\source\repos\89863361-gr21-repo\projekt\snake_game\snake_game\x64\debug\deque_4s226pfprsp4trst.ifc
c:\users\michał\source\repos\89863361-gr21-repo\projekt\snake_game\snake_game\x64\debug\deque_4s226pfprsp4trst.ifc.d.json
c:\users\michał\source\repos\89863361-gr21-repo\projekt\snake_game\snake_game\x64\debug\deque_4s226pfprsp4trst.obj
c:\users\michał\source\repos\89863361-gr21-repo\projekt\snake_game\snake_game\x64\debug\cstdio_27q3ecwo19qihiou.ifc
c:\users\michał\source\repos\89863361-gr21-repo\projekt\snake_game\snake_game\x64\debug\cstdio_27q3ecwo19qihiou.ifc.d.json
c:\users\michał\source\repos\89863361-gr21-repo\projekt\snake_game\snake_game\x64\debug\cstdio_27q3ecwo19qihiou.obj
c:\users\michał\source\repos\89863361-gr21-repo\projekt\snake_game\snake_game\x64\debug\__msvc_xlocinfo_types.hpp_jtyagblfj2fvnemb.ifc
c:\users\michał\source\repos\89863361-gr21-repo\projekt\snake_game\snake_game\x64\debug\__msvc_xlocinfo_types.hpp_jtyagblfj2fvnemb.ifc.d.json
c:\users\michał\source\repos\89863361-gr21-repo\projekt\snake_game\snake_game\x64\debug\__msvc_xlocinfo_types.hpp_jtyagblfj2fvnemb.obj
c:\users\michał\source\repos\89863361-gr21-repo\projekt\snake_game\snake_game\x64\debug\button.cpp.json
c:\users\michał\source\repos\89863361-gr21-repo\projekt\snake_game\snake_game\x64\debug\button.obj
c:\users\michał\source\repos\89863361-gr21-repo\projekt\snake_game\snake_game\x64\debug\xcharconv.h_po17ifnvepvbgo6j.ifc
c:\users\michał\source\repos\89863361-gr21-repo\projekt\snake_game\snake_game\x64\debug\xcharconv.h_po17ifnvepvbgo6j.ifc.d.json
c:\users\michał\source\repos\89863361-gr21-repo\projekt\snake_game\snake_game\x64\debug\xcharconv.h_po17ifnvepvbgo6j.obj
c:\users\michał\source\repos\89863361-gr21-repo\projekt\snake_game\snake_game\x64\debug\__msvc_tzdb.hpp_jl6sahriu18c6eef.ifc
c:\users\michał\source\repos\89863361-gr21-repo\projekt\snake_game\snake_game\x64\debug\__msvc_tzdb.hpp_jl6sahriu18c6eef.ifc.d.json
c:\users\michał\source\repos\89863361-gr21-repo\projekt\snake_game\snake_game\x64\debug\__msvc_tzdb.hpp_jl6sahriu18c6eef.obj
c:\users\michał\source\repos\89863361-gr21-repo\projekt\snake_game\snake_game\x64\debug\charconv_5xikevubpod70owy.ifc
c:\users\michał\source\repos\89863361-gr21-repo\projekt\snake_game\snake_game\x64\debug\charconv_5xikevubpod70owy.ifc.d.json
c:\users\michał\source\repos\89863361-gr21-repo\projekt\snake_game\snake_game\x64\debug\charconv_5xikevubpod70owy.obj
c:\users\michał\source\repos\89863361-gr21-repo\projekt\snake_game\snake_game\x64\debug\xtr1common_0effl9908conw4a8.ifc
c:\users\michał\source\repos\89863361-gr21-repo\projekt\snake_game\snake_game\x64\debug\xtr1common_0effl9908conw4a8.ifc.d.json
c:\users\michał\source\repos\89863361-gr21-repo\projekt\snake_game\snake_game\x64\debug\xtr1common_0effl9908conw4a8.obj
c:\users\michał\source\repos\89863361-gr21-repo\projekt\snake_game\snake_game\x64\debug\xmemory_vz1om4njcuwmgycw.ifc
c:\users\michał\source\repos\89863361-gr21-repo\projekt\snake_game\snake_game\x64\debug\xmemory_vz1om4njcuwmgycw.ifc.d.json
c:\users\michał\source\repos\89863361-gr21-repo\projekt\snake_game\snake_game\x64\debug\xmemory_vz1om4njcuwmgycw.obj
c:\users\michał\source\repos\89863361-gr21-repo\projekt\snake_game\snake_game\x64\debug\cmath_5aa200tk0petvv0j.ifc
c:\users\michał\source\repos\89863361-gr21-repo\projekt\snake_game\snake_game\x64\debug\cmath_5aa200tk0petvv0j.ifc.d.json
c:\users\michał\source\repos\89863361-gr21-repo\projekt\snake_game\snake_game\x64\debug\cmath_5aa200tk0petvv0j.obj
c:\users\michał\source\repos\89863361-gr21-repo\projekt\snake_game\snake_game\x64\debug\streambuf_6rxoofgpulut4meb.ifc
c:\users\michał\source\repos\89863361-gr21-repo\projekt\snake_game\snake_game\x64\debug\streambuf_6rxoofgpulut4meb.ifc.d.json
c:\users\michał\source\repos\89863361-gr21-repo\projekt\snake_game\snake_game\x64\debug\streambuf_6rxoofgpulut4meb.obj
c:\users\michał\source\repos\89863361-gr21-repo\projekt\snake_game\snake_game\x64\debug\xiosbase_rt01ozmjktjc5tsl.ifc
c:\users\michał\source\repos\89863361-gr21-repo\projekt\snake_game\snake_game\x64\debug\xiosbase_rt01ozmjktjc5tsl.ifc.d.json
c:\users\michał\source\repos\89863361-gr21-repo\projekt\snake_game\snake_game\x64\debug\xiosbase_rt01ozmjktjc5tsl.obj
c:\users\michał\source\repos\89863361-gr21-repo\projekt\snake_game\snake_game\x64\debug\xfacet_wa9knkttelt79kwn.ifc
c:\users\michał\source\repos\89863361-gr21-repo\projekt\snake_game\snake_game\x64\debug\xfacet_wa9knkttelt79kwn.ifc.d.json
c:\users\michał\source\repos\89863361-gr21-repo\projekt\snake_game\snake_game\x64\debug\xfacet_wa9knkttelt79kwn.obj
c:\users\michał\source\repos\89863361-gr21-repo\projekt\snake_game\snake_game\x64\debug\sdl_mixer.h_uylwnpy8xlsf5tgp.ifc
c:\users\michał\source\repos\89863361-gr21-repo\projekt\snake_game\snake_game\x64\debug\sdl_mixer.h_uylwnpy8xlsf5tgp.ifc.d.json
c:\users\michał\source\repos\89863361-gr21-repo\projekt\snake_game\snake_game\x64\debug\sdl_mixer.h_uylwnpy8xlsf5tgp.obj
c:\users\michał\source\repos\89863361-gr21-repo\projekt\snake_game\snake_game\x64\debug\sdl_mixer.h_0f9938mwjy3b4e2y.ifc
c:\users\michał\source\repos\89863361-gr21-repo\projekt\snake_game\snake_game\x64\debug\sdl_mixer.h_0f9938mwjy3b4e2y.ifc.d.json
c:\users\michał\source\repos\89863361-gr21-repo\projekt\snake_game\snake_game\x64\debug\sdl_mixer.h_0f9938mwjy3b4e2y.obj
c:\users\michał\source\repos\89863361-gr21-repo\projekt\snake_game\snake_game\x64\debug\initializer_list_tj6ljfngq6osufrh.ifc
c:\users\michał\source\repos\89863361-gr21-repo\projekt\snake_game\snake_game\x64\debug\initializer_list_tj6ljfngq6osufrh.ifc.d.json
c:\users\michał\source\repos\89863361-gr21-repo\projekt\snake_game\snake_game\x64\debug\initializer_list_tj6ljfngq6osufrh.obj
c:\users\michał\source\repos\89863361-gr21-repo\projekt\snake_game\snake_game\x64\debug\ios_vvyer6equtton1ae.ifc
c:\users\michał\source\repos\89863361-gr21-repo\projekt\snake_game\snake_game\x64\debug\ios_vvyer6equtton1ae.ifc.d.json
c:\users\michał\source\repos\89863361-gr21-repo\projekt\snake_game\snake_game\x64\debug\ios_vvyer6equtton1ae.obj
c:\users\michał\source\repos\89863361-gr21-repo\projekt\snake_game\snake_game\x64\debug\coin.ixx.ifc
c:\users\michał\source\repos\89863361-gr21-repo\projekt\snake_game\snake_game\x64\debug\coin.ixx.ifc.d.json
c:\users\michał\source\repos\89863361-gr21-repo\projekt\snake_game\snake_game\x64\debug\coin.ixx.obj
c:\users\michał\source\repos\89863361-gr21-repo\projekt\snake_game\snake_game\x64\debug\texture.ixx.ifc
c:\users\michał\source\repos\89863361-gr21-repo\projekt\snake_game\snake_game\x64\debug\texture.ixx.ifc.d.json
c:\users\michał\source\repos\89863361-gr21-repo\projekt\snake_game\snake_game\x64\debug\texture.ixx.obj
c:\users\michał\source\repos\89863361-gr21-repo\projekt\snake_game\snake_game\x64\debug\exception_5h3pwi8moxfd3d4e.ifc
c:\users\michał\source\repos\89863361-gr21-repo\projekt\snake_game\snake_game\x64\debug\exception_5h3pwi8moxfd3d4e.ifc.d.json
c:\users\michał\source\repos\89863361-gr21-repo\projekt\snake_game\snake_game\x64\debug\exception_5h3pwi8moxfd3d4e.obj
c:\users\michał\source\repos\89863361-gr21-repo\projekt\snake_game\snake_game\x64\debug\iosfwd_b4qbrierg7slpzob.ifc
c:\users\michał\source\repos\89863361-gr21-repo\projekt\snake_game\snake_game\x64\debug\iosfwd_b4qbrierg7slpzob.ifc.d.json
c:\users\michał\source\repos\89863361-gr21-repo\projekt\snake_game\snake_game\x64\debug\iosfwd_b4qbrierg7slpzob.obj
c:\users\michał\source\repos\89863361-gr21-repo\projekt\snake_game\snake_game\x64\debug\xpolymorphic_allocator.h_e4al7n8jop4rvgxj.ifc
c:\users\michał\source\repos\89863361-gr21-repo\projekt\snake_game\snake_game\x64\debug\xpolymorphic_allocator.h_e4al7n8jop4rvgxj.ifc.d.json
c:\users\michał\source\repos\89863361-gr21-repo\projekt\snake_game\snake_game\x64\debug\xpolymorphic_allocator.h_e4al7n8jop4rvgxj.obj
c:\users\michał\source\repos\89863361-gr21-repo\projekt\snake_game\snake_game\x64\debug\filesystem_6hkf1m44xfi5shaq.ifc
c:\users\michał\source\repos\89863361-gr21-repo\projekt\snake_game\snake_game\x64\debug\filesystem_6hkf1m44xfi5shaq.ifc.d.json
c:\users\michał\source\repos\89863361-gr21-repo\projekt\snake_game\snake_game\x64\debug\filesystem_6hkf1m44xfi5shaq.obj
c:\users\michał\source\repos\89863361-gr21-repo\projekt\snake_game\snake_game\x64\debug\obstacle.cpp.json
c:\users\michał\source\repos\89863361-gr21-repo\projekt\snake_game\snake_game\x64\debug\obstacle.obj
c:\users\michał\source\repos\89863361-gr21-repo\projekt\snake_game\snake_game\x64\debug\xtimec.h_wpuddfj3kedyt4tk.ifc
c:\users\michał\source\repos\89863361-gr21-repo\projekt\snake_game\snake_game\x64\debug\xtimec.h_wpuddfj3kedyt4tk.ifc.d.json
c:\users\michał\source\repos\89863361-gr21-repo\projekt\snake_game\snake_game\x64\debug\xtimec.h_wpuddfj3kedyt4tk.obj
c:\users\michał\source\repos\89863361-gr21-repo\projekt\snake_game\snake_game\x64\debug\xfilesystem_abi.h_7jkiv2p0t20gwioz.ifc
c:\users\michał\source\repos\89863361-gr21-repo\projekt\snake_game\snake_game\x64\debug\xfilesystem_abi.h_7jkiv2p0t20gwioz.ifc.d.json
c:\users\michał\source\repos\89863361-gr21-repo\projekt\snake_game\snake_game\x64\debug\xfilesystem_abi.h_7jkiv2p0t20gwioz.obj
c:\users\michał\source\repos\89863361-gr21-repo\projekt\snake_game\snake_game\x64\debug\optional_pbmx4ffmkrnyqgpx.ifc
c:\users\michał\source\repos\89863361-gr21-repo\projekt\snake_game\snake_game\x64\debug\optional_pbmx4ffmkrnyqgpx.ifc.d.json
c:\users\michał\source\repos\89863361-gr21-repo\projekt\snake_game\snake_game\x64\debug\optional_pbmx4ffmkrnyqgpx.obj
c:\users\michał\source\repos\89863361-gr21-repo\projekt\snake_game\snake_game\x64\debug\xloctime_ju7gjxi01tws8l8w.ifc
c:\users\michał\source\repos\89863361-gr21-repo\projekt\snake_game\snake_game\x64\debug\xloctime_ju7gjxi01tws8l8w.ifc.d.json
c:\users\michał\source\repos\89863361-gr21-repo\projekt\snake_game\snake_game\x64\debug\xloctime_ju7gjxi01tws8l8w.obj
c:\users\michał\source\repos\89863361-gr21-repo\projekt\snake_game\snake_game\x64\debug\time_counter.cpp.json
c:\users\michał\source\repos\89863361-gr21-repo\projekt\snake_game\snake_game\x64\debug\time_counter.obj
c:\users\michał\source\repos\89863361-gr21-repo\projekt\snake_game\snake_game\x64\debug\core.ixx.ifc
c:\users\michał\source\repos\89863361-gr21-repo\projekt\snake_game\snake_game\x64\debug\core.ixx.ifc.d.json
c:\users\michał\source\repos\89863361-gr21-repo\projekt\snake_game\snake_game\x64\debug\core.ixx.obj
c:\users\michał\source\repos\89863361-gr21-repo\projekt\snake_game\snake_game\x64\debug\__msvc_chrono.hpp_bcdx0nvpxz65ib8i.ifc
c:\users\michał\source\repos\89863361-gr21-repo\projekt\snake_game\snake_game\x64\debug\__msvc_chrono.hpp_bcdx0nvpxz65ib8i.ifc.d.json
c:\users\michał\source\repos\89863361-gr21-repo\projekt\snake_game\snake_game\x64\debug\__msvc_chrono.hpp_bcdx0nvpxz65ib8i.obj
c:\users\michał\source\repos\89863361-gr21-repo\projekt\snake_game\snake_game\x64\debug\bit_acq7spyy9qwdtcz2.ifc
c:\users\michał\source\repos\89863361-gr21-repo\projekt\snake_game\snake_game\x64\debug\bit_acq7spyy9qwdtcz2.ifc.d.json
c:\users\michał\source\repos\89863361-gr21-repo\projekt\snake_game\snake_game\x64\debug\bit_acq7spyy9qwdtcz2.obj
c:\users\michał\source\repos\89863361-gr21-repo\projekt\snake_game\snake_game\x64\debug\fstream_vndc3wdxxcku35sa.ifc
c:\users\michał\source\repos\89863361-gr21-repo\projekt\snake_game\snake_game\x64\debug\fstream_vndc3wdxxcku35sa.ifc.d.json
c:\users\michał\source\repos\89863361-gr21-repo\projekt\snake_game\snake_game\x64\debug\fstream_vndc3wdxxcku35sa.obj
c:\users\michał\source\repos\89863361-gr21-repo\projekt\snake_game\snake_game\x64\debug\cstdint_u0yt5v35lvauhqrb.ifc
c:\users\michał\source\repos\89863361-gr21-repo\projekt\snake_game\snake_game\x64\debug\cstdint_u0yt5v35lvauhqrb.ifc.d.json
c:\users\michał\source\repos\89863361-gr21-repo\projekt\snake_game\snake_game\x64\debug\cstdint_u0yt5v35lvauhqrb.obj
c:\users\michał\source\repos\89863361-gr21-repo\projekt\snake_game\snake_game\x64\debug\cstdlib_xwa9jvxbnq0dn2gu.ifc
c:\users\michał\source\repos\89863361-gr21-repo\projekt\snake_game\snake_game\x64\debug\cstdlib_xwa9jvxbnq0dn2gu.ifc.d.json
c:\users\michał\source\repos\89863361-gr21-repo\projekt\snake_game\snake_game\x64\debug\cstdlib_xwa9jvxbnq0dn2gu.obj
c:\users\michał\source\repos\89863361-gr21-repo\projekt\snake_game\snake_game\x64\debug\time_counter.ixx.ifc
c:\users\michał\source\repos\89863361-gr21-repo\projekt\snake_game\snake_game\x64\debug\time_counter.ixx.ifc.d.json
c:\users\michał\source\repos\89863361-gr21-repo\projekt\snake_game\snake_game\x64\debug\time_counter.ixx.obj
c:\users\michał\source\repos\89863361-gr21-repo\projekt\snake_game\snake_game\x64\debug\__msvc_format_ucd_tables.hpp_z8bw3vnod21xxoqu.ifc
c:\users\michał\source\repos\89863361-gr21-repo\projekt\snake_game\snake_game\x64\debug\__msvc_format_ucd_tables.hpp_z8bw3vnod21xxoqu.ifc.d.json
c:\users\michał\source\repos\89863361-gr21-repo\projekt\snake_game\snake_game\x64\debug\__msvc_format_ucd_tables.hpp_z8bw3vnod21xxoqu.obj
c:\users\michał\source\repos\89863361-gr21-repo\projekt\snake_game\snake_game\x64\debug\menu.cpp.json
c:\users\michał\source\repos\89863361-gr21-repo\projekt\snake_game\snake_game\x64\debug\menu.obj
c:\users\michał\source\repos\89863361-gr21-repo\projekt\snake_game\snake_game\x64\debug\climits_90crr2syg0mxio6g.ifc
c:\users\michał\source\repos\89863361-gr21-repo\projekt\snake_game\snake_game\x64\debug\climits_90crr2syg0mxio6g.ifc.d.json
c:\users\michał\source\repos\89863361-gr21-repo\projekt\snake_game\snake_game\x64\debug\climits_90crr2syg0mxio6g.obj
c:\users\michał\source\repos\89863361-gr21-repo\projekt\snake_game\snake_game\x64\debug\locale_0tlv35huna963jg7.ifc
c:\users\michał\source\repos\89863361-gr21-repo\projekt\snake_game\snake_game\x64\debug\locale_0tlv35huna963jg7.ifc.d.json
c:\users\michał\source\repos\89863361-gr21-repo\projekt\snake_game\snake_game\x64\debug\locale_0tlv35huna963jg7.obj
c:\users\michał\source\repos\89863361-gr21-repo\projekt\snake_game\snake_game\x64\debug\xstddef_wtna3m1bmv31ay22.ifc
c:\users\michał\source\repos\89863361-gr21-repo\projekt\snake_game\snake_game\x64\debug\xstddef_wtna3m1bmv31ay22.ifc.d.json
c:\users\michał\source\repos\89863361-gr21-repo\projekt\snake_game\snake_game\x64\debug\xstddef_wtna3m1bmv31ay22.obj
c:\users\michał\source\repos\89863361-gr21-repo\projekt\snake_game\snake_game\x64\debug\ostream_my8x1t138d3s4wlk.ifc
c:\users\michał\source\repos\89863361-gr21-repo\projekt\snake_game\snake_game\x64\debug\ostream_my8x1t138d3s4wlk.ifc.d.json
c:\users\michał\source\repos\89863361-gr21-repo\projekt\snake_game\snake_game\x64\debug\ostream_my8x1t138d3s4wlk.obj
c:\users\michał\source\repos\89863361-gr21-repo\projekt\snake_game\snake_game\x64\debug\memory_dlyd897y7l5fngu4.ifc
c:\users\michał\source\repos\89863361-gr21-repo\projekt\snake_game\snake_game\x64\debug\memory_dlyd897y7l5fngu4.ifc.d.json
c:\users\michał\source\repos\89863361-gr21-repo\projekt\snake_game\snake_game\x64\debug\memory_dlyd897y7l5fngu4.obj
c:\users\michał\source\repos\89863361-gr21-repo\projekt\snake_game\snake_game\x64\debug\menu.ixx.ifc
c:\users\michał\source\repos\89863361-gr21-repo\projekt\snake_game\snake_game\x64\debug\menu.ixx.ifc.d.json
c:\users\michał\source\repos\89863361-gr21-repo\projekt\snake_game\snake_game\x64\debug\menu.ixx.obj
c:\users\michał\source\repos\89863361-gr21-repo\projekt\snake_game\snake_game\x64\debug\chrono_3xogndqil74may7n.ifc
c:\users\michał\source\repos\89863361-gr21-repo\projekt\snake_game\snake_game\x64\debug\chrono_3xogndqil74may7n.ifc.d.json
c:\users\michał\source\repos\89863361-gr21-repo\projekt\snake_game\snake_game\x64\debug\chrono_3xogndqil74may7n.obj
c:\users\michał\source\repos\89863361-gr21-repo\projekt\snake_game\snake_game\x64\debug\apple.cpp.json
c:\users\michał\source\repos\89863361-gr21-repo\projekt\snake_game\snake_game\x64\debug\apple.obj
c:\users\michał\source\repos\89863361-gr21-repo\projekt\snake_game\snake_game\x64\debug\new_e57qkkpa95lwtz64.ifc
c:\users\michał\source\repos\89863361-gr21-repo\projekt\snake_game\snake_game\x64\debug\new_e57qkkpa95lwtz64.ifc.d.json
c:\users\michał\source\repos\89863361-gr21-repo\projekt\snake_game\snake_game\x64\debug\new_e57qkkpa95lwtz64.obj
c:\users\michał\source\repos\89863361-gr21-repo\projekt\snake_game\snake_game\x64\debug\vector_lad5nqy0or0sgqiz.ifc
c:\users\michał\source\repos\89863361-gr21-repo\projekt\snake_game\snake_game\x64\debug\vector_lad5nqy0or0sgqiz.ifc.d.json
c:\users\michał\source\repos\89863361-gr21-repo\projekt\snake_game\snake_game\x64\debug\vector_lad5nqy0or0sgqiz.obj
c:\users\michał\source\repos\89863361-gr21-repo\projekt\snake_game\snake_game\x64\debug\cerrno_zmphup05772od2uq.ifc
c:\users\michał\source\repos\89863361-gr21-repo\projekt\snake_game\snake_game\x64\debug\cerrno_zmphup05772od2uq.ifc.d.json
c:\users\michał\source\repos\89863361-gr21-repo\projekt\snake_game\snake_game\x64\debug\cerrno_zmphup05772od2uq.obj
c:\users\michał\source\repos\89863361-gr21-repo\projekt\snake_game\snake_game\x64\debug\xcharconv_tables.h_ikvy8q6d08zduuis.ifc
c:\users\michał\source\repos\89863361-gr21-repo\projekt\snake_game\snake_game\x64\debug\xcharconv_tables.h_ikvy8q6d08zduuis.ifc.d.json
c:\users\michał\source\repos\89863361-gr21-repo\projekt\snake_game\snake_game\x64\debug\xcharconv_tables.h_ikvy8q6d08zduuis.obj
c:\users\michał\source\repos\89863361-gr21-repo\projekt\snake_game\snake_game\x64\debug\xerrc.h_f8qo191cun498m1m.ifc
c:\users\michał\source\repos\89863361-gr21-repo\projekt\snake_game\snake_game\x64\debug\xerrc.h_f8qo191cun498m1m.ifc.d.json
c:\users\michał\source\repos\89863361-gr21-repo\projekt\snake_game\snake_game\x64\debug\xerrc.h_f8qo191cun498m1m.obj
c:\users\michał\source\repos\89863361-gr21-repo\projekt\snake_game\snake_game\x64\debug\iostream_obtpu82ojtq3ue14.ifc
c:\users\michał\source\repos\89863361-gr21-repo\projekt\snake_game\snake_game\x64\debug\iostream_obtpu82ojtq3ue14.ifc.d.json
c:\users\michał\source\repos\89863361-gr21-repo\projekt\snake_game\snake_game\x64\debug\iostream_obtpu82ojtq3ue14.obj
c:\users\michał\source\repos\89863361-gr21-repo\projekt\snake_game\snake_game\x64\debug\external_functions.cpp.json
c:\users\michał\source\repos\89863361-gr21-repo\projekt\snake_game\snake_game\x64\debug\external_functions.obj
c:\users\michał\source\repos\89863361-gr21-repo\projekt\snake_game\snake_game\x64\debug\xthreads.h_znk701q3ji7xajfa.ifc
c:\users\michał\source\repos\89863361-gr21-repo\projekt\snake_game\snake_game\x64\debug\xthreads.h_znk701q3ji7xajfa.ifc.d.json
c:\users\michał\source\repos\89863361-gr21-repo\projekt\snake_game\snake_game\x64\debug\xthreads.h_znk701q3ji7xajfa.obj
c:\users\michał\source\repos\89863361-gr21-repo\projekt\snake_game\snake_game\x64\debug\texture.cpp.json
c:\users\michał\source\repos\89863361-gr21-repo\projekt\snake_game\snake_game\x64\debug\texture.obj
c:\users\michał\source\repos\89863361-gr21-repo\projekt\snake_game\snake_game\x64\debug\coin.cpp.json
c:\users\michał\source\repos\89863361-gr21-repo\projekt\snake_game\snake_game\x64\debug\coin.obj
c:\users\michał\source\repos\89863361-gr21-repo\projekt\snake_game\snake_game\x64\debug\clocale_a3oer7159n79e8hu.ifc
c:\users\michał\source\repos\89863361-gr21-repo\projekt\snake_game\snake_game\x64\debug\clocale_a3oer7159n79e8hu.ifc.d.json
c:\users\michał\source\repos\89863361-gr21-repo\projekt\snake_game\snake_game\x64\debug\clocale_a3oer7159n79e8hu.obj
c:\users\michał\source\repos\89863361-gr21-repo\projekt\snake_game\snake_game\x64\debug\xlocinfo_ojri2r4yx33h6260.ifc
c:\users\michał\source\repos\89863361-gr21-repo\projekt\snake_game\snake_game\x64\debug\xlocinfo_ojri2r4yx33h6260.ifc.d.json
c:\users\michał\source\repos\89863361-gr21-repo\projekt\snake_game\snake_game\x64\debug\xlocinfo_ojri2r4yx33h6260.obj
c:\users\michał\source\repos\89863361-gr21-repo\projekt\snake_game\snake_game\x64\debug\format_61jk070ylivvn8j2.ifc
c:\users\michał\source\repos\89863361-gr21-repo\projekt\snake_game\snake_game\x64\debug\format_61jk070ylivvn8j2.ifc.d.json
c:\users\michał\source\repos\89863361-gr21-repo\projekt\snake_game\snake_game\x64\debug\format_61jk070ylivvn8j2.obj
c:\users\michał\source\repos\89863361-gr21-repo\projekt\snake_game\snake_game\x64\debug\interface.cpp.json
c:\users\michał\source\repos\89863361-gr21-repo\projekt\snake_game\snake_game\x64\debug\interface.obj
c:\users\michał\source\repos\89863361-gr21-repo\projekt\snake_game\snake_game\x64\debug\interface.ixx.ifc
c:\users\michał\source\repos\89863361-gr21-repo\projekt\snake_game\snake_game\x64\debug\interface.ixx.ifc.d.json
c:\users\michał\source\repos\89863361-gr21-repo\projekt\snake_game\snake_game\x64\debug\interface.ixx.obj
c:\users\michał\source\repos\89863361-gr21-repo\projekt\snake_game\snake_game\x64\debug\stdexcept_snrrydzt3qtl09lg.ifc
c:\users\michał\source\repos\89863361-gr21-repo\projekt\snake_game\snake_game\x64\debug\stdexcept_snrrydzt3qtl09lg.ifc.d.json
c:\users\michał\source\repos\89863361-gr21-repo\projekt\snake_game\snake_game\x64\debug\stdexcept_snrrydzt3qtl09lg.obj
c:\users\michał\source\repos\89863361-gr21-repo\projekt\snake_game\snake_game\x64\debug\concepts_j2o2qvn2uoq9vza5.ifc
c:\users\michał\source\repos\89863361-gr21-repo\projekt\snake_game\snake_game\x64\debug\concepts_j2o2qvn2uoq9vza5.ifc.d.json
c:\users\michał\source\repos\89863361-gr21-repo\projekt\snake_game\snake_game\x64\debug\concepts_j2o2qvn2uoq9vza5.obj
c:\users\michał\source\repos\89863361-gr21-repo\projekt\snake_game\snake_game\x64\debug\iterator_w03bkj9ynv7aspxb.ifc
c:\users\michał\source\repos\89863361-gr21-repo\projekt\snake_game\snake_game\x64\debug\iterator_w03bkj9ynv7aspxb.ifc.d.json
c:\users\michał\source\repos\89863361-gr21-repo\projekt\snake_game\snake_game\x64\debug\iterator_w03bkj9ynv7aspxb.obj
c:\users\michał\source\repos\89863361-gr21-repo\projekt\snake_game\snake_game\x64\debug\button.ixx.ifc
c:\users\michał\source\repos\89863361-gr21-repo\projekt\snake_game\snake_game\x64\debug\button.ixx.ifc.d.json
c:\users\michał\source\repos\89863361-gr21-repo\projekt\snake_game\snake_game\x64\debug\button.ixx.obj
c:\users\michał\source\repos\89863361-gr21-repo\projekt\snake_game\snake_game\x64\debug\__msvc_int128.hpp_ct9eyumyakbiozvc.ifc
c:\users\michał\source\repos\89863361-gr21-repo\projekt\snake_game\snake_game\x64\debug\__msvc_int128.hpp_ct9eyumyakbiozvc.ifc.d.json
c:\users\michał\source\repos\89863361-gr21-repo\projekt\snake_game\snake_game\x64\debug\__msvc_int128.hpp_ct9eyumyakbiozvc.obj
c:\users\michał\source\repos\89863361-gr21-repo\projekt\snake_game\snake_game\x64\debug\compare_hg0vpt9rywq6zrzl.ifc
c:\users\michał\source\repos\89863361-gr21-repo\projekt\snake_game\snake_game\x64\debug\compare_hg0vpt9rywq6zrzl.ifc.d.json
c:\users\michał\source\repos\89863361-gr21-repo\projekt\snake_game\snake_game\x64\debug\compare_hg0vpt9rywq6zrzl.obj
c:\users\michał\source\repos\89863361-gr21-repo\projekt\snake_game\snake_game\x64\debug\tuple_9px1yxneqtt9t7rm.ifc
c:\users\michał\source\repos\89863361-gr21-repo\projekt\snake_game\snake_game\x64\debug\tuple_9px1yxneqtt9t7rm.ifc.d.json
c:\users\michał\source\repos\89863361-gr21-repo\projekt\snake_game\snake_game\x64\debug\tuple_9px1yxneqtt9t7rm.obj
c:\users\michał\source\repos\89863361-gr21-repo\projekt\snake_game\snake_game\x64\debug\xbit_ops.h_5k1nfufithiz7uuu.ifc
c:\users\michał\source\repos\89863361-gr21-repo\projekt\snake_game\snake_game\x64\debug\xbit_ops.h_5k1nfufithiz7uuu.ifc.d.json
c:\users\michał\source\repos\89863361-gr21-repo\projekt\snake_game\snake_game\x64\debug\xbit_ops.h_5k1nfufithiz7uuu.obj
c:\users\michał\source\repos\89863361-gr21-repo\projekt\snake_game\snake_game\x64\debug\xatomic.h_ojbgxkogax8lujw4.ifc
c:\users\michał\source\repos\89863361-gr21-repo\projekt\snake_game\snake_game\x64\debug\xatomic.h_ojbgxkogax8lujw4.ifc.d.json
c:\users\michał\source\repos\89863361-gr21-repo\projekt\snake_game\snake_game\x64\debug\xatomic.h_ojbgxkogax8lujw4.obj
c:\users\michał\source\repos\89863361-gr21-repo\projekt\snake_game\snake_game\x64\debug\xlocale_lzbqdhd1p556g0mb.ifc
c:\users\michał\source\repos\89863361-gr21-repo\projekt\snake_game\snake_game\x64\debug\xlocale_lzbqdhd1p556g0mb.ifc.d.json
c:\users\michał\source\repos\89863361-gr21-repo\projekt\snake_game\snake_game\x64\debug\xlocale_lzbqdhd1p556g0mb.obj
c:\users\michał\source\repos\89863361-gr21-repo\projekt\snake_game\snake_game\x64\debug\game_object.ixx.ifc
c:\users\michał\source\repos\89863361-gr21-repo\projekt\snake_game\snake_game\x64\debug\game_object.ixx.ifc.d.json
c:\users\michał\source\repos\89863361-gr21-repo\projekt\snake_game\snake_game\x64\debug\game_object.ixx.obj
c:\users\michał\source\repos\89863361-gr21-repo\projekt\snake_game\snake_game\x64\debug\xcharconv_ryu_tables.h_egaopp8zy5kn7sas.ifc
c:\users\michał\source\repos\89863361-gr21-repo\projekt\snake_game\snake_game\x64\debug\xcharconv_ryu_tables.h_egaopp8zy5kn7sas.ifc.d.json
c:\users\michał\source\repos\89863361-gr21-repo\projekt\snake_game\snake_game\x64\debug\xcharconv_ryu_tables.h_egaopp8zy5kn7sas.obj
c:\users\michał\source\repos\89863361-gr21-repo\projekt\snake_game\snake_game\x64\debug\sdl.h_w8pw3qnfbc4i4wcn.ifc
c:\users\michał\source\repos\89863361-gr21-repo\projekt\snake_game\snake_game\x64\debug\sdl.h_w8pw3qnfbc4i4wcn.ifc.d.json
c:\users\michał\source\repos\89863361-gr21-repo\projekt\snake_game\snake_game\x64\debug\sdl.h_w8pw3qnfbc4i4wcn.obj
c:\users\michał\source\repos\89863361-gr21-repo\projekt\snake_game\snake_game\x64\debug\string_g2rl5u85spzn5m9q.ifc
c:\users\michał\source\repos\89863361-gr21-repo\projekt\snake_game\snake_game\x64\debug\string_g2rl5u85spzn5m9q.ifc.d.json
c:\users\michał\source\repos\89863361-gr21-repo\projekt\snake_game\snake_game\x64\debug\string_g2rl5u85spzn5m9q.obj
c:\users\michał\source\repos\89863361-gr21-repo\projekt\snake_game\snake_game\x64\debug\algorithm_g53ej4lj31mlu2fw.ifc
c:\users\michał\source\repos\89863361-gr21-repo\projekt\snake_game\snake_game\x64\debug\algorithm_g53ej4lj31mlu2fw.ifc.d.json
c:\users\michał\source\repos\89863361-gr21-repo\projekt\snake_game\snake_game\x64\debug\algorithm_g53ej4lj31mlu2fw.obj
c:\users\michał\source\repos\89863361-gr21-repo\projekt\snake_game\snake_game\x64\debug\xlocmes_t88b0h6wthgysyxh.ifc
c:\users\michał\source\repos\89863361-gr21-repo\projekt\snake_game\snake_game\x64\debug\xlocmes_t88b0h6wthgysyxh.ifc.d.json
c:\users\michał\source\repos\89863361-gr21-repo\projekt\snake_game\snake_game\x64\debug\xlocmes_t88b0h6wthgysyxh.obj
c:\users\michał\source\repos\89863361-gr21-repo\projekt\snake_game\snake_game\x64\debug\stop_token_n8twm2a1tbv9norf.ifc
c:\users\michał\source\repos\89863361-gr21-repo\projekt\snake_game\snake_game\x64\debug\stop_token_n8twm2a1tbv9norf.ifc.d.json
c:\users\michał\source\repos\89863361-gr21-repo\projekt\snake_game\snake_game\x64\debug\stop_token_n8twm2a1tbv9norf.obj
c:\users\michał\source\repos\89863361-gr21-repo\projekt\snake_game\snake_game\x64\debug\list_vnaco5qhepgmzaop.ifc
c:\users\michał\source\repos\89863361-gr21-repo\projekt\snake_game\snake_game\x64\debug\list_vnaco5qhepgmzaop.ifc.d.json
c:\users\michał\source\repos\89863361-gr21-repo\projekt\snake_game\snake_game\x64\debug\list_vnaco5qhepgmzaop.obj
c:\users\michał\source\repos\89863361-gr21-repo\projekt\snake_game\snake_game\x64\debug\xatomic_wait.h_8kivo1z27v4xsjvd.ifc
c:\users\michał\source\repos\89863361-gr21-repo\projekt\snake_game\snake_game\x64\debug\xatomic_wait.h_8kivo1z27v4xsjvd.ifc.d.json
c:\users\michał\source\repos\89863361-gr21-repo\projekt\snake_game\snake_game\x64\debug\xatomic_wait.h_8kivo1z27v4xsjvd.obj
c:\users\michał\source\repos\89863361-gr21-repo\projekt\snake_game\snake_game\x64\debug\apple.ixx.ifc
c:\users\michał\source\repos\89863361-gr21-repo\projekt\snake_game\snake_game\x64\debug\apple.ixx.ifc.d.json
c:\users\michał\source\repos\89863361-gr21-repo\projekt\snake_game\snake_game\x64\debug\apple.ixx.obj
c:\users\michał\source\repos\89863361-gr21-repo\projekt\snake_game\snake_game\x64\debug\cfloat_xa4nwoeuhbo45j4m.ifc
c:\users\michał\source\repos\89863361-gr21-repo\projekt\snake_game\snake_game\x64\debug\cfloat_xa4nwoeuhbo45j4m.ifc.d.json
c:\users\michał\source\repos\89863361-gr21-repo\projekt\snake_game\snake_game\x64\debug\cfloat_xa4nwoeuhbo45j4m.obj
c:\users\michał\source\repos\89863361-gr21-repo\projekt\snake_game\snake_game\x64\debug\xlocnum_n7uu97gvs2jmm6fr.ifc
c:\users\michał\source\repos\89863361-gr21-repo\projekt\snake_game\snake_game\x64\debug\xlocnum_n7uu97gvs2jmm6fr.ifc.d.json
c:\users\michał\source\repos\89863361-gr21-repo\projekt\snake_game\snake_game\x64\debug\xlocnum_n7uu97gvs2jmm6fr.obj
c:\users\michał\source\repos\89863361-gr21-repo\projekt\snake_game\snake_game\x64\debug\xstring_jyi6lgabkeuzi6h0.ifc
c:\users\michał\source\repos\89863361-gr21-repo\projekt\snake_game\snake_game\x64\debug\xstring_jyi6lgabkeuzi6h0.ifc.d.json
c:\users\michał\source\repos\89863361-gr21-repo\projekt\snake_game\snake_game\x64\debug\xstring_jyi6lgabkeuzi6h0.obj
c:\users\michał\source\repos\89863361-gr21-repo\projekt\snake_game\snake_game\x64\debug\main.cppm.ifc.d.json
c:\users\michał\source\repos\89863361-gr21-repo\projekt\snake_game\snake_game\x64\debug\main.cppm.obj
c:\users\michał\source\repos\89863361-gr21-repo\projekt\snake_game\snake_game\x64\debug\xlocbuf_e0ud8tj5hk65p46p.ifc
c:\users\michał\source\repos\89863361-gr21-repo\projekt\snake_game\snake_game\x64\debug\xlocbuf_e0ud8tj5hk65p46p.ifc.d.json
c:\users\michał\source\repos\89863361-gr21-repo\projekt\snake_game\snake_game\x64\debug\xlocbuf_e0ud8tj5hk65p46p.obj
c:\users\michał\source\repos\89863361-gr21-repo\projekt\snake_game\snake_game\x64\debug\sstream_966k239kdau8iy8q.ifc
c:\users\michał\source\repos\89863361-gr21-repo\projekt\snake_game\snake_game\x64\debug\sstream_966k239kdau8iy8q.ifc.d.json
c:\users\michał\source\repos\89863361-gr21-repo\projekt\snake_game\snake_game\x64\debug\sstream_966k239kdau8iy8q.obj
c:\users\michał\source\repos\89863361-gr21-repo\projekt\snake_game\snake_game\x64\debug\xcall_once.h_9j15hdig5z9a9q6z.ifc
c:\users\michał\source\repos\89863361-gr21-repo\projekt\snake_game\snake_game\x64\debug\xcall_once.h_9j15hdig5z9a9q6z.ifc.d.json
c:\users\michał\source\repos\89863361-gr21-repo\projekt\snake_game\snake_game\x64\debug\xcall_once.h_9j15hdig5z9a9q6z.obj
c:\users\michał\source\repos\89863361-gr21-repo\projekt\snake_game\snake_game\x64\debug\cstddef_crwxwt8bzsl3hgqx.ifc
c:\users\michał\source\repos\89863361-gr21-repo\projekt\snake_game\snake_game\x64\debug\cstddef_crwxwt8bzsl3hgqx.ifc.d.json
c:\users\michał\source\repos\89863361-gr21-repo\projekt\snake_game\snake_game\x64\debug\cstddef_crwxwt8bzsl3hgqx.obj
c:\users\michał\source\repos\89863361-gr21-repo\projekt\snake_game\snake_game\x64\debug\xsmf_control.h_2lgkdcg0cqagxtke.ifc
c:\users\michał\source\repos\89863361-gr21-repo\projekt\snake_game\snake_game\x64\debug\xsmf_control.h_2lgkdcg0cqagxtke.ifc.d.json
c:\users\michał\source\repos\89863361-gr21-repo\projekt\snake_game\snake_game\x64\debug\xsmf_control.h_2lgkdcg0cqagxtke.obj
c:\users\michał\source\repos\89863361-gr21-repo\projekt\snake_game\snake_game\x64\debug\istream_kyp553boewjlzuvi.ifc
c:\users\michał\source\repos\89863361-gr21-repo\projekt\snake_game\snake_game\x64\debug\istream_kyp553boewjlzuvi.ifc.d.json
c:\users\michał\source\repos\89863361-gr21-repo\projekt\snake_game\snake_game\x64\debug\istream_kyp553boewjlzuvi.obj
c:\users\michał\source\repos\89863361-gr21-repo\projekt\snake_game\snake_game\x64\debug\__msvc_iter_core.hpp_ug5g2ofduco27t75.ifc
c:\users\michał\source\repos\89863361-gr21-repo\projekt\snake_game\snake_game\x64\debug\__msvc_iter_core.hpp_ug5g2ofduco27t75.ifc.d.json
c:\users\michał\source\repos\89863361-gr21-repo\projekt\snake_game\snake_game\x64\debug\__msvc_iter_core.hpp_ug5g2ofduco27t75.obj
c:\users\michał\source\repos\89863361-gr21-repo\projekt\snake_game\snake_game\x64\debug\type_traits_jsgvkvp8cf7cruui.ifc
c:\users\michał\source\repos\89863361-gr21-repo\projekt\snake_game\snake_game\x64\debug\type_traits_jsgvkvp8cf7cruui.ifc.d.json
c:\users\michał\source\repos\89863361-gr21-repo\projekt\snake_game\snake_game\x64\debug\type_traits_jsgvkvp8cf7cruui.obj
c:\users\michał\source\repos\89863361-gr21-repo\projekt\snake_game\snake_game\x64\debug\stdio.h_y9hyq639ru8j8a6j.ifc
c:\users\michał\source\repos\89863361-gr21-repo\projekt\snake_game\snake_game\x64\debug\stdio.h_y9hyq639ru8j8a6j.ifc.d.json
c:\users\michał\source\repos\89863361-gr21-repo\projekt\snake_game\snake_game\x64\debug\stdio.h_y9hyq639ru8j8a6j.obj
c:\users\michał\source\repos\89863361-gr21-repo\projekt\snake_game\snake_game\x64\debug\snake_game.res
c:\users\michał\source\repos\89863361-gr21-repo\projekt\snake_game\snake_game\x64\debug\interface.ixx.module.json
c:\users\michał\source\repos\89863361-gr21-repo\projekt\snake_game\snake_game\x64\debug\main.cppm.module.json
c:\users\michał\source\repos\89863361-gr21-repo\projekt\snake_game\snake_game\x64\debug\core.ixx.module.json
c:\users\michał\source\repos\89863361-gr21-repo\projekt\snake_game\snake_game\x64\debug\obstacle.cpp.module.json
c:\users\michał\source\repos\89863361-gr21-repo\projekt\snake_game\snake_game\x64\debug\time_counter.ixx.module.json
c:\users\michał\source\repos\89863361-gr21-repo\projekt\snake_game\snake_game\x64\debug\menu.ixx.module.json
c:\users\michał\source\repos\89863361-gr21-repo\projekt\snake_game\snake_game\x64\debug\button.cpp.module.json
c:\users\michał\source\repos\89863361-gr21-repo\projekt\snake_game\snake_game\x64\debug\apple.cpp.module.json
c:\users\michał\source\repos\89863361-gr21-repo\projekt\snake_game\snake_game\x64\debug\snake.cpp.module.json
c:\users\michał\source\repos\89863361-gr21-repo\projekt\snake_game\snake_game\x64\debug\time_counter.cpp.module.json
c:\users\michał\source\repos\89863361-gr21-repo\projekt\snake_game\snake_game\x64\debug\coin.ixx.module.json
c:\users\michał\source\repos\89863361-gr21-repo\projekt\snake_game\snake_game\x64\debug\button.ixx.module.json
c:\users\michał\source\repos\89863361-gr21-repo\projekt\snake_game\snake_game\x64\debug\sound.ixx.module.json
c:\users\michał\source\repos\89863361-gr21-repo\projekt\snake_game\snake_game\x64\debug\game_object.ixx.module.json
c:\users\michał\source\repos\89863361-gr21-repo\projekt\snake_game\snake_game\x64\debug\external_functions.ixx.module.json
c:\users\michał\source\repos\89863361-gr21-repo\projekt\snake_game\snake_game\x64\debug\interface.cpp.module.json
c:\users\michał\source\repos\89863361-gr21-repo\projekt\snake_game\snake_game\x64\debug\snake.ixx.module.json
c:\users\michał\source\repos\89863361-gr21-repo\projekt\snake_game\snake_game\x64\debug\menu.cpp.module.json
c:\users\michał\source\repos\89863361-gr21-repo\projekt\snake_game\snake_game\x64\debug\texture.cpp.module.json
c:\users\michał\source\repos\89863361-gr21-repo\projekt\snake_game\snake_game\x64\debug\sound.cpp.module.json
c:\users\michał\source\repos\89863361-gr21-repo\projekt\snake_game\snake_game\x64\debug\obstacle.ixx.module.json
c:\users\michał\source\repos\89863361-gr21-repo\projekt\snake_game\snake_game\x64\debug\external_functions.cpp.module.json
c:\users\michał\source\repos\89863361-gr21-repo\projekt\snake_game\snake_game\x64\debug\coin.cpp.module.json
c:\users\michał\source\repos\89863361-gr21-repo\projekt\snake_game\snake_game\x64\debug\core.cpp.module.json
c:\users\michał\source\repos\89863361-gr21-repo\projekt\snake_game\snake_game\x64\debug\apple.ixx.module.json
c:\users\michał\source\repos\89863361-gr21-repo\projekt\snake_game\snake_game\x64\debug\texture.ixx.module.json
c:\users\michał\source\repos\89863361-gr21-repo\projekt\snake_game\snake_game\x64\debug\filesystem_6hkf1m44xfi5shaq.module.json
c:\users\michał\source\repos\89863361-gr21-repo\projekt\snake_game\snake_game\x64\debug\random_pbepeoxyhe1opuey.module.json
c:\users\michał\source\repos\89863361-gr21-repo\projekt\snake_game\snake_game\x64\debug\tuple_9px1yxneqtt9t7rm.module.json
c:\users\michał\source\repos\89863361-gr21-repo\projekt\snake_game\snake_game\x64\debug\sdl_mixer.h_0f9938mwjy3b4e2y.module.json
c:\users\michał\source\repos\89863361-gr21-repo\projekt\snake_game\snake_game\x64\debug\sdl_mixer.h_uylwnpy8xlsf5tgp.module.json
c:\users\michał\source\repos\89863361-gr21-repo\projekt\snake_game\snake_game\x64\debug\iostream_obtpu82ojtq3ue14.module.json
c:\users\michał\source\repos\89863361-gr21-repo\projekt\snake_game\snake_game\x64\debug\string_g2rl5u85spzn5m9q.module.json
c:\users\michał\source\repos\89863361-gr21-repo\projekt\snake_game\snake_game\x64\debug\sdl.h_w8pw3qnfbc4i4wcn.module.json
c:\users\michał\source\repos\89863361-gr21-repo\projekt\snake_game\snake_game\x64\debug\algorithm_g53ej4lj31mlu2fw.module.json
c:\users\michał\source\repos\89863361-gr21-repo\projekt\snake_game\snake_game\x64\debug\iomanip_s3oagqw8hnf5aakp.module.json
c:\users\michał\source\repos\89863361-gr21-repo\projekt\snake_game\snake_game\x64\debug\vector_lad5nqy0or0sgqiz.module.json
c:\users\michał\source\repos\89863361-gr21-repo\projekt\snake_game\snake_game\x64\debug\fstream_vndc3wdxxcku35sa.module.json
c:\users\michał\source\repos\89863361-gr21-repo\projekt\snake_game\snake_game\x64\debug\stdexcept_snrrydzt3qtl09lg.module.json
c:\users\michał\source\repos\89863361-gr21-repo\projekt\snake_game\snake_game\x64\debug\sdl_image.h_bo4dos0l6f6y8mdr.module.json
c:\users\michał\source\repos\89863361-gr21-repo\projekt\snake_game\snake_game\x64\debug\sdl_ttf.h_dokdnh8yh2vbc7c4.module.json
c:\users\michał\source\repos\89863361-gr21-repo\projekt\snake_game\snake_game\x64\debug\memory_dlyd897y7l5fngu4.module.json
c:\users\michał\source\repos\89863361-gr21-repo\projekt\snake_game\snake_game\x64\debug\time.h_mdzf79utvowash31.module.json
c:\users\michał\source\repos\89863361-gr21-repo\projekt\snake_game\snake_game\x64\debug\deque_4s226pfprsp4trst.module.json
c:\users\michał\source\repos\89863361-gr21-repo\projekt\snake_game\snake_game\x64\debug\stdio.h_y9hyq639ru8j8a6j.module.json
c:\users\michał\source\repos\89863361-gr21-repo\projekt\snake_game\snake_game\x64\debug\xstring_jyi6lgabkeuzi6h0.module.json
c:\users\michał\source\repos\89863361-gr21-repo\projekt\snake_game\snake_game\x64\debug\xloctime_ju7gjxi01tws8l8w.module.json
c:\users\michał\source\repos\89863361-gr21-repo\projekt\snake_game\snake_game\x64\debug\system_error_qvw8nzhqaem3uqgu.module.json
c:\users\michał\source\repos\89863361-gr21-repo\projekt\snake_game\snake_game\x64\debug\typeinfo_whcre1ld3m8s2vke.module.json
c:\users\michał\source\repos\89863361-gr21-repo\projekt\snake_game\snake_game\x64\debug\cctype_q100kml2otrrkhj3.module.json
c:\users\michał\source\repos\89863361-gr21-repo\projekt\snake_game\snake_game\x64\debug\utility_9uggxah4xvowdxf1.module.json
c:\users\michał\source\repos\89863361-gr21-repo\projekt\snake_game\snake_game\x64\debug\locale_0tlv35huna963jg7.module.json
c:\users\michał\source\repos\89863361-gr21-repo\projekt\snake_game\snake_game\x64\debug\exception_5h3pwi8moxfd3d4e.module.json
c:\users\michał\source\repos\89863361-gr21-repo\projekt\snake_game\snake_game\x64\debug\chrono_3xogndqil74may7n.module.json
c:\users\michał\source\repos\89863361-gr21-repo\projekt\snake_game\snake_game\x64\debug\__msvc_iter_core.hpp_ug5g2ofduco27t75.module.json
c:\users\michał\source\repos\89863361-gr21-repo\projekt\snake_game\snake_game\x64\debug\ios_vvyer6equtton1ae.module.json
c:\users\michał\source\repos\89863361-gr21-repo\projekt\snake_game\snake_game\x64\debug\__msvc_int128.hpp_ct9eyumyakbiozvc.module.json
c:\users\michał\source\repos\89863361-gr21-repo\projekt\snake_game\snake_game\x64\debug\cmath_5aa200tk0petvv0j.module.json
c:\users\michał\source\repos\89863361-gr21-repo\projekt\snake_game\snake_game\x64\debug\type_traits_jsgvkvp8cf7cruui.module.json
c:\users\michał\source\repos\89863361-gr21-repo\projekt\snake_game\snake_game\x64\debug\istream_kyp553boewjlzuvi.module.json
c:\users\michał\source\repos\89863361-gr21-repo\projekt\snake_game\snake_game\x64\debug\xbit_ops.h_5k1nfufithiz7uuu.module.json
c:\users\michał\source\repos\89863361-gr21-repo\projekt\snake_game\snake_game\x64\debug\cstdint_u0yt5v35lvauhqrb.module.json
c:\users\michał\source\repos\89863361-gr21-repo\projekt\snake_game\snake_game\x64\debug\xlocmon_7he45zy9jclqcqk6.module.json
c:\users\michał\source\repos\89863361-gr21-repo\projekt\snake_game\snake_game\x64\debug\list_vnaco5qhepgmzaop.module.json
c:\users\michał\source\repos\89863361-gr21-repo\projekt\snake_game\snake_game\x64\debug\xfilesystem_abi.h_7jkiv2p0t20gwioz.module.json
c:\users\michał\source\repos\89863361-gr21-repo\projekt\snake_game\snake_game\x64\debug\compare_hg0vpt9rywq6zrzl.module.json
c:\users\michał\source\repos\89863361-gr21-repo\projekt\snake_game\snake_game\x64\debug\atomic_lsmoa5lxc1im6xn4.module.json
c:\users\michał\source\repos\89863361-gr21-repo\projekt\snake_game\snake_game\x64\debug\xmemory_vz1om4njcuwmgycw.module.json
c:\users\michał\source\repos\89863361-gr21-repo\projekt\snake_game\snake_game\x64\debug\cwchar_411iu7h49izfk1kk.module.json
c:\users\michał\source\repos\89863361-gr21-repo\projekt\snake_game\snake_game\x64\debug\optional_pbmx4ffmkrnyqgpx.module.json
c:\users\michał\source\repos\89863361-gr21-repo\projekt\snake_game\snake_game\x64\debug\xpolymorphic_allocator.h_e4al7n8jop4rvgxj.module.json
c:\users\michał\source\repos\89863361-gr21-repo\projekt\snake_game\snake_game\x64\debug\iosfwd_b4qbrierg7slpzob.module.json
c:\users\michał\source\repos\89863361-gr21-repo\projekt\snake_game\snake_game\x64\debug\ostream_my8x1t138d3s4wlk.module.json
c:\users\michał\source\repos\89863361-gr21-repo\projekt\snake_game\snake_game\x64\debug\cstdlib_xwa9jvxbnq0dn2gu.module.json
c:\users\michał\source\repos\89863361-gr21-repo\projekt\snake_game\snake_game\x64\debug\xutility_ylhb44lke441swwb.module.json
c:\users\michał\source\repos\89863361-gr21-repo\projekt\snake_game\snake_game\x64\debug\ctime_uf96huq6nipac3ra.module.json
c:\users\michał\source\repos\89863361-gr21-repo\projekt\snake_game\snake_game\x64\debug\__msvc_tzdb.hpp_jl6sahriu18c6eef.module.json
c:\users\michał\source\repos\89863361-gr21-repo\projekt\snake_game\snake_game\x64\debug\xsmf_control.h_2lgkdcg0cqagxtke.module.json
c:\users\michał\source\repos\89863361-gr21-repo\projekt\snake_game\snake_game\x64\debug\forward_list_kyp4fdz477ex4ala.module.json
c:\users\michał\source\repos\89863361-gr21-repo\projekt\snake_game\snake_game\x64\debug\cerrno_zmphup05772od2uq.module.json
c:\users\michał\source\repos\89863361-gr21-repo\projekt\snake_game\snake_game\x64\debug\xatomic.h_ojbgxkogax8lujw4.module.json
c:\users\michał\source\repos\89863361-gr21-repo\projekt\snake_game\snake_game\x64\debug\limits_09epn3sqh0tvq8qe.module.json
c:\users\michał\source\repos\89863361-gr21-repo\projekt\snake_game\snake_game\x64\debug\__msvc_system_error_abi.hpp_lf05ay68qas3lrd4.module.json
c:\users\michał\source\repos\89863361-gr21-repo\projekt\snake_game\snake_game\x64\debug\cstdio_27q3ecwo19qihiou.module.json
c:\users\michał\source\repos\89863361-gr21-repo\projekt\snake_game\snake_game\x64\debug\xstddef_wtna3m1bmv31ay22.module.json
c:\users\michał\source\repos\89863361-gr21-repo\projekt\snake_game\snake_game\x64\debug\xcall_once.h_9j15hdig5z9a9q6z.module.json
c:\users\michał\source\repos\89863361-gr21-repo\projekt\snake_game\snake_game\x64\debug\cstring_hofdpvmcfqodrijy.module.json
c:\users\michał\source\repos\89863361-gr21-repo\projekt\snake_game\snake_game\x64\debug\xlocbuf_e0ud8tj5hk65p46p.module.json
c:\users\michał\source\repos\89863361-gr21-repo\projekt\snake_game\snake_game\x64\debug\xthreads.h_znk701q3ji7xajfa.module.json
c:\users\michał\source\repos\89863361-gr21-repo\projekt\snake_game\snake_game\x64\debug\new_e57qkkpa95lwtz64.module.json
c:\users\michał\source\repos\89863361-gr21-repo\projekt\snake_game\snake_game\x64\debug\format_61jk070ylivvn8j2.module.json
c:\users\michał\source\repos\89863361-gr21-repo\projekt\snake_game\snake_game\x64\debug\xerrc.h_f8qo191cun498m1m.module.json
c:\users\michał\source\repos\89863361-gr21-repo\projekt\snake_game\snake_game\x64\debug\iterator_w03bkj9ynv7aspxb.module.json
c:\users\michał\source\repos\89863361-gr21-repo\projekt\snake_game\snake_game\x64\debug\__msvc_chrono.hpp_bcdx0nvpxz65ib8i.module.json
c:\users\michał\source\repos\89863361-gr21-repo\projekt\snake_game\snake_game\x64\debug\xlocnum_n7uu97gvs2jmm6fr.module.json
c:\users\michał\source\repos\89863361-gr21-repo\projekt\snake_game\snake_game\x64\debug\concepts_j2o2qvn2uoq9vza5.module.json
c:\users\michał\source\repos\89863361-gr21-repo\projekt\snake_game\snake_game\x64\debug\xatomic_wait.h_8kivo1z27v4xsjvd.module.json
c:\users\michał\source\repos\89863361-gr21-repo\projekt\snake_game\snake_game\x64\debug\cstddef_crwxwt8bzsl3hgqx.module.json
c:\users\michał\source\repos\89863361-gr21-repo\projekt\snake_game\snake_game\x64\debug\initializer_list_tj6ljfngq6osufrh.module.json
c:\users\michał\source\repos\89863361-gr21-repo\projekt\snake_game\snake_game\x64\debug\sstream_966k239kdau8iy8q.module.json
c:\users\michał\source\repos\89863361-gr21-repo\projekt\snake_game\snake_game\x64\debug\xtr1common_0effl9908conw4a8.module.json
c:\users\michał\source\repos\89863361-gr21-repo\projekt\snake_game\snake_game\x64\debug\xlocmes_t88b0h6wthgysyxh.module.json
c:\users\michał\source\repos\89863361-gr21-repo\projekt\snake_game\snake_game\x64\debug\bit_acq7spyy9qwdtcz2.module.json
c:\users\michał\source\repos\89863361-gr21-repo\projekt\snake_game\snake_game\x64\debug\xiosbase_rt01ozmjktjc5tsl.module.json
c:\users\michał\source\repos\89863361-gr21-repo\projekt\snake_game\snake_game\x64\debug\__msvc_format_ucd_tables.hpp_z8bw3vnod21xxoqu.module.json
c:\users\michał\source\repos\89863361-gr21-repo\projekt\snake_game\snake_game\x64\debug\cfloat_xa4nwoeuhbo45j4m.module.json
c:\users\michał\source\repos\89863361-gr21-repo\projekt\snake_game\snake_game\x64\debug\climits_90crr2syg0mxio6g.module.json
c:\users\michał\source\repos\89863361-gr21-repo\projekt\snake_game\snake_game\x64\debug\ratio_ji0iz5hml34ta5xq.module.json
c:\users\michał\source\repos\89863361-gr21-repo\projekt\snake_game\snake_game\x64\debug\mutex_ykqlm8oii1jeigt1.module.json
c:\users\michał\source\repos\89863361-gr21-repo\projekt\snake_game\snake_game\x64\debug\streambuf_6rxoofgpulut4meb.module.json
c:\users\michał\source\repos\89863361-gr21-repo\projekt\snake_game\snake_game\x64\debug\charconv_5xikevubpod70owy.module.json
c:\users\michał\source\repos\89863361-gr21-repo\projekt\snake_game\snake_game\x64\debug\xtimec.h_wpuddfj3kedyt4tk.module.json
c:\users\michał\source\repos\89863361-gr21-repo\projekt\snake_game\snake_game\x64\debug\thread_tf9pcatdb3wl4q5w.module.json
c:\users\michał\source\repos\89863361-gr21-repo\projekt\snake_game\snake_game\x64\debug\xlocale_lzbqdhd1p556g0mb.module.json
c:\users\michał\source\repos\89863361-gr21-repo\projekt\snake_game\snake_game\x64\debug\xcharconv.h_po17ifnvepvbgo6j.module.json
c:\users\michał\source\repos\89863361-gr21-repo\projekt\snake_game\snake_game\x64\debug\xcharconv_ryu.h_xtbimhzgmp3z5zkb.module.json
c:\users\michał\source\repos\89863361-gr21-repo\projekt\snake_game\snake_game\x64\debug\xcharconv_tables.h_ikvy8q6d08zduuis.module.json
c:\users\michał\source\repos\89863361-gr21-repo\projekt\snake_game\snake_game\x64\debug\xcharconv_ryu_tables.h_egaopp8zy5kn7sas.module.json
c:\users\michał\source\repos\89863361-gr21-repo\projekt\snake_game\snake_game\x64\debug\stop_token_n8twm2a1tbv9norf.module.json
c:\users\michał\source\repos\89863361-gr21-repo\projekt\snake_game\snake_game\x64\debug\xlocinfo_ojri2r4yx33h6260.module.json
c:\users\michał\source\repos\89863361-gr21-repo\projekt\snake_game\snake_game\x64\debug\xfacet_wa9knkttelt79kwn.module.json
c:\users\michał\source\repos\89863361-gr21-repo\projekt\snake_game\snake_game\x64\debug\clocale_a3oer7159n79e8hu.module.json
c:\users\michał\source\repos\89863361-gr21-repo\projekt\snake_game\snake_game\x64\debug\__msvc_xlocinfo_types.hpp_jtyagblfj2fvnemb.module.json
c:\users\michał\source\repos\89863361-gr21-repo\projekt\snake_game\snake_game\x64\debug\vc143.idb
c:\users\michał\source\repos\89863361-gr21-repo\projekt\snake_game\snake_game\x64\debug\vc143.pdb
c:\users\michał\source\repos\89863361-gr21-repo\projekt\snake_game\snake_game\x64\debug\snake_game.tlog\cl.command.1.tlog
c:\users\michał\source\repos\89863361-gr21-repo\projekt\snake_game\snake_game\x64\debug\snake_game.tlog\link.command.1.tlog
c:\users\michał\source\repos\89863361-gr21-repo\projekt\snake_game\snake_game\x64\debug\snake_game.tlog\link.read.1.tlog
c:\users\michał\source\repos\89863361-gr21-repo\projekt\snake_game\snake_game\x64\debug\snake_game.tlog\link.write.1.tlog
c:\users\michał\source\repos\89863361-gr21-repo\projekt\snake_game\snake_game\x64\debug\snake_game.tlog\microsoft.build.cpptasks.cl.read.1.tlog
c:\users\michał\source\repos\89863361-gr21-repo\projekt\snake_game\snake_game\x64\debug\snake_game.tlog\microsoft.build.cpptasks.cl.write.1.tlog
c:\users\michał\source\repos\89863361-gr21-repo\projekt\snake_game\snake_game\x64\debug\snake_game.tlog\rc.command.1.tlog
c:\users\michał\source\repos\89863361-gr21-repo\projekt\snake_game\snake_game\x64\debug\snake_game.tlog\rc.read.1.tlog
c:\users\michał\source\repos\89863361-gr21-repo\projekt\snake_game\snake_game\x64\debug\snake_game.tlog\rc.write.1.tlog
c:\users\michał\source\repos\89863361-gr21-repo\projekt\snake_game\snake_game\x64\debug\snake_game_md.tlog\cl.command.1.tlog
c:\users\michał\source\repos\89863361-gr21-repo\projekt\snake_game\snake_game\x64\debug\snake_game_md.tlog\microsoft.build.cpptasks.cl.read.1.tlog
c:\users\michał\source\repos\89863361-gr21-repo\projekt\snake_game\snake_game\x64\debug\snake_game_md.tlog\microsoft.build.cpptasks.cl.write.1.tlog
