  Trwa skanowanie źródeł pod kątem zależności modułów...
  Core.cpp
C:\Users\Michał\source\repos\89863361-gr21-repo\Projekt\Snake_Game\Snake_Game\Core.cpp(58,53): warning C4474: „printf”: przekazano za dużo argumentów dla ciągu formatowania
C:\Users\Michał\source\repos\89863361-gr21-repo\Projekt\Snake_Game\Snake_Game\Core.cpp(58,53): message : symbole zastępcze i ich parametry oczekują 0 argumentów ze zmienną liczbą argumentów, ale podano następującą liczbę zmiennych argumentów: 1
C:\Users\Michał\source\repos\89863361-gr21-repo\Projekt\Snake_Game\Snake_Game\Core.cpp(63,51): warning C4474: „printf”: przekazano za dużo argumentów dla ciągu formatowania
C:\Users\Michał\source\repos\89863361-gr21-repo\Projekt\Snake_Game\Snake_Game\Core.cpp(63,51): message : symbole zastępcze i ich parametry oczekują 0 argumentów ze zmienną liczbą argumentów, ale podano następującą liczbę zmiennych argumentów: 1
C:\Users\Michał\source\repos\89863361-gr21-repo\Projekt\Snake_Game\Snake_Game\Core.cpp(69,54): warning C4474: „printf”: przekazano za dużo argumentów dla ciągu formatowania
C:\Users\Michał\source\repos\89863361-gr21-repo\Projekt\Snake_Game\Snake_Game\Core.cpp(69,54): message : symbole zastępcze i ich parametry oczekują 0 argumentów ze zmienną liczbą argumentów, ale podano następującą liczbę zmiennych argumentów: 1
C:\Users\Michał\source\repos\89863361-gr21-repo\Projekt\Snake_Game\Snake_Game\Core.cpp(76,59): warning C4474: „printf”: przekazano za dużo argumentów dla ciągu formatowania
C:\Users\Michał\source\repos\89863361-gr21-repo\Projekt\Snake_Game\Snake_Game\Core.cpp(76,59): message : symbole zastępcze i ich parametry oczekują 0 argumentów ze zmienną liczbą argumentów, ale podano następującą liczbę zmiennych argumentów: 1
C:\Users\Michał\source\repos\89863361-gr21-repo\Projekt\Snake_Game\Snake_Game\Core.cpp(79,57): warning C4474: „printf”: przekazano za dużo argumentów dla ciągu formatowania
C:\Users\Michał\source\repos\89863361-gr21-repo\Projekt\Snake_Game\Snake_Game\Core.cpp(79,57): message : symbole zastępcze i ich parametry oczekują 0 argumentów ze zmienną liczbą argumentów, ale podano następującą liczbę zmiennych argumentów: 1
C:\Users\Michał\source\repos\89863361-gr21-repo\Projekt\Snake_Game\Snake_Game\Core.cpp(85,59): warning C4474: „printf”: przekazano za dużo argumentów dla ciągu formatowania
C:\Users\Michał\source\repos\89863361-gr21-repo\Projekt\Snake_Game\Snake_Game\Core.cpp(85,59): message : symbole zastępcze i ich parametry oczekują 0 argumentów ze zmienną liczbą argumentów, ale podano następującą liczbę zmiennych argumentów: 1
C:\Users\Michał\source\repos\89863361-gr21-repo\Projekt\Snake_Game\Snake_Game\Core.cpp(125,47): warning C4474: „printf”: przekazano za dużo argumentów dla ciągu formatowania
C:\Users\Michał\source\repos\89863361-gr21-repo\Projekt\Snake_Game\Snake_Game\Core.cpp(125,47): message : symbole zastępcze i ich parametry oczekują 0 argumentów ze zmienną liczbą argumentów, ale podano następującą liczbę zmiennych argumentów: 1
C:\Users\Michał\source\repos\89863361-gr21-repo\Projekt\Snake_Game\Snake_Game\Core.cpp(130,51): warning C4474: „printf”: przekazano za dużo argumentów dla ciągu formatowania
C:\Users\Michał\source\repos\89863361-gr21-repo\Projekt\Snake_Game\Snake_Game\Core.cpp(130,51): message : symbole zastępcze i ich parametry oczekują 0 argumentów ze zmienną liczbą argumentów, ale podano następującą liczbę zmiennych argumentów: 1
C:\Users\Michał\source\repos\89863361-gr21-repo\Projekt\Snake_Game\Snake_Game\Core.cpp(142,50): warning C4474: „printf”: przekazano za dużo argumentów dla ciągu formatowania
C:\Users\Michał\source\repos\89863361-gr21-repo\Projekt\Snake_Game\Snake_Game\Core.cpp(142,50): message : symbole zastępcze i ich parametry oczekują 0 argumentów ze zmienną liczbą argumentów, ale podano następującą liczbę zmiennych argumentów: 1
C:\Users\Michał\source\repos\89863361-gr21-repo\Projekt\Snake_Game\Snake_Game\Core.cpp(146,26): warning C4838: konwersja z „const int” do „Uint8” wymaga konwersji zawężającej
C:\Users\Michał\source\repos\89863361-gr21-repo\Projekt\Snake_Game\Snake_Game\Core.cpp(146,29): warning C4838: konwersja z „const int” do „Uint8” wymaga konwersji zawężającej
C:\Users\Michał\source\repos\89863361-gr21-repo\Projekt\Snake_Game\Snake_Game\Core.cpp(146,32): warning C4838: konwersja z „const int” do „Uint8” wymaga konwersji zawężającej
  Trwa generowanie kodu
  3 of 639 functions ( 0.5%) were compiled, the rest were copied from previous compilation.
    0 functions were new in current compilation
    1 functions had inline decision re-evaluated but remain unchanged
  Zakończono generowanie kodu
  Snake_Game.vcxproj -> C:\Users\Michał\source\repos\89863361-gr21-repo\Projekt\Snake_Game\x64\Release\Snake_Game.exe
