  Background.cpp
  Bird.cpp
  Button.cpp
  main.cpp
  Menu.cpp
  Selector.cpp
  Sound.cpp
  System.cpp
  Texture.cpp
  Pipe.cpp
  Generowanie kodu...
C:\Users\Michał\OneDrive\Pulpit\Projects Repo\FlappyBirdInSLD2 (C++)\FlappyBirdInSLD\System.cpp(522): warning C4715: "Game_Speed_Controller”: niewszystkie ścieżki kodu zwracają wartość
Button.obj : error LNK2019: nierozpoznany symbol zewnętrzny SDL_GetMouseState przywołany w funkcji "public: void __cdecl Button::Check_Event(union SDL_Event *)" (?Check_Event@Button@@QEAAXPEATSDL_Event@@@Z)
Selector.obj : error LNK2001: nierozpoznany symbol zewnętrzny SDL_GetMouseState
Sound.obj : error LNK2019: nierozpoznany symbol zewnętrzny SDL_RWFromFile przywołany w funkcji "public: bool __cdecl Sound::Load_Chunk(class std::basic_string<char,struct std::char_traits<char>,class std::allocator<char> > &)" (?Load_Chunk@Sound@@QEAA_NAEAV?$basic_string@DU?$char_traits@D@std@@V?$allocator@D@2@@std@@@Z)
Sound.obj : error LNK2019: nierozpoznany symbol zewnętrzny Mix_LoadWAV_RW przywołany w funkcji "public: bool __cdecl Sound::Load_Chunk(class std::basic_string<char,struct std::char_traits<char>,class std::allocator<char> > &)" (?Load_Chunk@Sound@@QEAA_NAEAV?$basic_string@DU?$char_traits@D@std@@V?$allocator@D@2@@std@@@Z)
Sound.obj : error LNK2019: nierozpoznany symbol zewnętrzny Mix_LoadMUS przywołany w funkcji "public: bool __cdecl Sound::Load_Music(class std::basic_string<char,struct std::char_traits<char>,class std::allocator<char> > &)" (?Load_Music@Sound@@QEAA_NAEAV?$basic_string@DU?$char_traits@D@std@@V?$allocator@D@2@@std@@@Z)
Sound.obj : error LNK2019: nierozpoznany symbol zewnętrzny Mix_FreeChunk przywołany w funkcji "public: __cdecl Sound::~Sound(void)" (??1Sound@@QEAA@XZ)
Sound.obj : error LNK2019: nierozpoznany symbol zewnętrzny Mix_FreeMusic przywołany w funkcji "public: __cdecl Sound::~Sound(void)" (??1Sound@@QEAA@XZ)
Sound.obj : error LNK2019: nierozpoznany symbol zewnętrzny Mix_PlayChannelTimed przywołany w funkcji "public: void __cdecl Sound::Play_Chunk(bool)" (?Play_Chunk@Sound@@QEAAX_N@Z)
Sound.obj : error LNK2019: nierozpoznany symbol zewnętrzny Mix_PlayMusic przywołany w funkcji "public: void __cdecl Sound::Play_Music(void)" (?Play_Music@Sound@@QEAAXXZ)
Sound.obj : error LNK2019: nierozpoznany symbol zewnętrzny Mix_HaltMusic przywołany w funkcji "public: void __cdecl Sound::Stop_Music(void)" (?Stop_Music@Sound@@QEAAXXZ)
System.obj : error LNK2019: nierozpoznany symbol zewnętrzny SDL_GetError przywołany w funkcji "public: bool __cdecl System::Initialisation(void)" (?Initialisation@System@@QEAA_NXZ)
Texture.obj : error LNK2001: nierozpoznany symbol zewnętrzny SDL_GetError
System.obj : error LNK2019: nierozpoznany symbol zewnętrzny SDL_FreeSurface przywołany w funkcji "public: __cdecl System::~System(void)" (??1System@@QEAA@XZ)
Texture.obj : error LNK2001: nierozpoznany symbol zewnętrzny SDL_FreeSurface
System.obj : error LNK2019: nierozpoznany symbol zewnętrzny SDL_ConvertSurface przywołany w funkcji "public: void __cdecl System::Load_IMG_Surface(struct SDL_Surface * &,struct SDL_Surface * &,bool &,struct SDL_Surface * &)" (?Load_IMG_Surface@System@@QEAAXAEAPEAUSDL_Surface@@0AEA_N0@Z)
System.obj : error LNK2019: nierozpoznany symbol zewnętrzny SDL_CreateWindow przywołany w funkcji "public: bool __cdecl System::Initialisation(void)" (?Initialisation@System@@QEAA_NXZ)
System.obj : error LNK2019: nierozpoznany symbol zewnętrzny SDL_GetWindowSurface przywołany w funkcji "public: bool __cdecl System::Initialisation(void)" (?Initialisation@System@@QEAA_NXZ)
System.obj : error LNK2019: nierozpoznany symbol zewnętrzny SDL_DestroyWindow przywołany w funkcji "public: __cdecl System::~System(void)" (??1System@@QEAA@XZ)
System.obj : error LNK2019: nierozpoznany symbol zewnętrzny SDL_PollEvent przywołany w funkcji "public: void __cdecl System::Play(void)" (?Play@System@@QEAAXXZ)
System.obj : error LNK2019: nierozpoznany symbol zewnętrzny SDL_CreateRenderer przywołany w funkcji "public: bool __cdecl System::Initialisation(void)" (?Initialisation@System@@QEAA_NXZ)
System.obj : error LNK2019: nierozpoznany symbol zewnętrzny SDL_SetRenderDrawColor przywołany w funkcji "public: bool __cdecl System::Initialisation(void)" (?Initialisation@System@@QEAA_NXZ)
System.obj : error LNK2019: nierozpoznany symbol zewnętrzny SDL_RenderClear przywołany w funkcji "public: void __cdecl System::Play(void)" (?Play@System@@QEAAXXZ)
System.obj : error LNK2019: nierozpoznany symbol zewnętrzny SDL_RenderPresent przywołany w funkcji "public: void __cdecl System::Play(void)" (?Play@System@@QEAAXXZ)
System.obj : error LNK2019: nierozpoznany symbol zewnętrzny SDL_DestroyRenderer przywołany w funkcji "public: __cdecl System::~System(void)" (??1System@@QEAA@XZ)
System.obj : error LNK2019: nierozpoznany symbol zewnętrzny SDL_Init przywołany w funkcji "public: bool __cdecl System::Initialisation(void)" (?Initialisation@System@@QEAA_NXZ)
System.obj : error LNK2019: nierozpoznany symbol zewnętrzny SDL_Quit przywołany w funkcji "public: __cdecl System::~System(void)" (??1System@@QEAA@XZ)
System.obj : error LNK2019: nierozpoznany symbol zewnętrzny IMG_Init przywołany w funkcji "public: bool __cdecl System::Initialisation(void)" (?Initialisation@System@@QEAA_NXZ)
System.obj : error LNK2019: nierozpoznany symbol zewnętrzny IMG_Quit przywołany w funkcji "public: __cdecl System::~System(void)" (??1System@@QEAA@XZ)
System.obj : error LNK2019: nierozpoznany symbol zewnętrzny IMG_Load przywołany w funkcji "public: bool __cdecl System::Load_Media(class std::basic_string<char,struct std::char_traits<char>,class std::allocator<char> > &,class std::basic_string<char,struct std::char_traits<char>,class std::allocator<char> > &,class std::basic_string<char,struct std::char_traits<char>,class std::allocator<char> > &,class std::basic_string<char,struct std::char_traits<char>,class std::allocator<char> > &,class std::basic_string<char,struct std::char_traits<char>,class std::allocator<char> > &,struct _TTF_Font * &)" (?Load_Media@System@@QEAA_NAEAV?$basic_string@DU?$char_traits@D@std@@V?$allocator@D@2@@std@@0000AEAPEAU_TTF_Font@@@Z)
System.obj : error LNK2019: nierozpoznany symbol zewnętrzny TTF_Init przywołany w funkcji "public: bool __cdecl System::Initialisation(void)" (?Initialisation@System@@QEAA_NXZ)
System.obj : error LNK2019: nierozpoznany symbol zewnętrzny TTF_OpenFont przywołany w funkcji "public: bool __cdecl System::Load_Media(class std::basic_string<char,struct std::char_traits<char>,class std::allocator<char> > &,class std::basic_string<char,struct std::char_traits<char>,class std::allocator<char> > &,class std::basic_string<char,struct std::char_traits<char>,class std::allocator<char> > &,class std::basic_string<char,struct std::char_traits<char>,class std::allocator<char> > &,class std::basic_string<char,struct std::char_traits<char>,class std::allocator<char> > &,struct _TTF_Font * &)" (?Load_Media@System@@QEAA_NAEAV?$basic_string@DU?$char_traits@D@std@@V?$allocator@D@2@@std@@0000AEAPEAU_TTF_Font@@@Z)
System.obj : error LNK2019: nierozpoznany symbol zewnętrzny TTF_CloseFont przywołany w funkcji "public: __cdecl System::~System(void)" (??1System@@QEAA@XZ)
System.obj : error LNK2019: nierozpoznany symbol zewnętrzny TTF_Quit przywołany w funkcji "public: __cdecl System::~System(void)" (??1System@@QEAA@XZ)
System.obj : error LNK2019: nierozpoznany symbol zewnętrzny Mix_Quit przywołany w funkcji "public: __cdecl System::~System(void)" (??1System@@QEAA@XZ)
System.obj : error LNK2019: nierozpoznany symbol zewnętrzny Mix_OpenAudio przywołany w funkcji "public: bool __cdecl System::Initialisation(void)" (?Initialisation@System@@QEAA_NXZ)
Texture.obj : error LNK2019: nierozpoznany symbol zewnętrzny SDL_MapRGB przywołany w funkcji "public: void __cdecl Texture::Create(struct SDL_Surface *,struct SDL_Renderer *)" (?Create@Texture@@QEAAXPEAUSDL_Surface@@PEAUSDL_Renderer@@@Z)
Texture.obj : error LNK2019: nierozpoznany symbol zewnętrzny SDL_SetColorKey przywołany w funkcji "public: void __cdecl Texture::Create(struct SDL_Surface *,struct SDL_Renderer *)" (?Create@Texture@@QEAAXPEAUSDL_Surface@@PEAUSDL_Renderer@@@Z)
Texture.obj : error LNK2019: nierozpoznany symbol zewnętrzny SDL_CreateTextureFromSurface przywołany w funkcji "public: void __cdecl Texture::Create(struct SDL_Surface *,struct SDL_Renderer *)" (?Create@Texture@@QEAAXPEAUSDL_Surface@@PEAUSDL_Renderer@@@Z)
Texture.obj : error LNK2019: nierozpoznany symbol zewnętrzny SDL_RenderCopy przywołany w funkcji "public: void __cdecl Texture::Render(int,int,struct SDL_Renderer *,struct SDL_Rect *)" (?Render@Texture@@QEAAXHHPEAUSDL_Renderer@@PEAUSDL_Rect@@@Z)
Texture.obj : error LNK2019: nierozpoznany symbol zewnętrzny SDL_DestroyTexture przywołany w funkcji "public: void __cdecl Texture::Free(void)" (?Free@Texture@@QEAAXXZ)
Texture.obj : error LNK2019: nierozpoznany symbol zewnętrzny TTF_RenderText_Solid przywołany w funkcji "public: bool __cdecl Texture::Create_TTF(struct SDL_Renderer *,struct _TTF_Font * &,class std::basic_string<char,struct std::char_traits<char>,class std::allocator<char> > &,struct SDL_Color &)" (?Create_TTF@Texture@@QEAA_NPEAUSDL_Renderer@@AEAPEAU_TTF_Font@@AEAV?$basic_string@DU?$char_traits@D@std@@V?$allocator@D@2@@std@@AEAUSDL_Color@@@Z)
MSVCRTD.lib(exe_main.obj) : error LNK2019: nierozpoznany symbol zewnętrzny main przywołany w funkcji "int __cdecl invoke_main(void)" (?invoke_main@@YAHXZ)
C:\SDL 2\SDL2-2.0.22\lib\x86\SDL2.lib : warning LNK4272: wystąpił konflikt typu maszyny biblioteki „x86” z typem maszyny docelowej „x64”
C:\SDL 2\SDL2-2.0.22\lib\x86\SDL2main.lib : warning LNK4272: wystąpił konflikt typu maszyny biblioteki „x86” z typem maszyny docelowej „x64”
C:\SDL 2\SDL2_image-2.0.5\lib\x86\SDL2_image.lib : warning LNK4272: wystąpił konflikt typu maszyny biblioteki „x86” z typem maszyny docelowej „x64”
C:\SDL 2\SDL2_ttf-2.0.18\lib\x86\SDL2_ttf.lib : warning LNK4272: wystąpił konflikt typu maszyny biblioteki „x86” z typem maszyny docelowej „x64”
C:\SDL 2\SDL2_mixer-2.0.4\lib\x86\SDL2_mixer.lib : warning LNK4272: wystąpił konflikt typu maszyny biblioteki „x86” z typem maszyny docelowej „x64”
C:\Users\Michał\OneDrive\Pulpit\Projects Repo\FlappyBirdInSLD2 (C++)\x64\Debug\FlappyBirdInSLD.exe : fatal error LNK1120: liczba nierozpoznanych elementów zewnętrznych: 39
